{"C:\\Users\\cyril\\Bureau\\Fullstack\\JavaScript\\14.testing\\FriendsList.js": {"path":"C:\\Users\\cyril\\Bureau\\Fullstack\\JavaScript\\14.testing\\FriendsList.js","statementMap":{"0":{"start":{"line":5,"column":4},"end":{"line":5,"column":19}},"1":{"start":{"line":8,"column":4},"end":{"line":12,"column":7}},"2":{"start":{"line":13,"column":4},"end":{"line":13,"column":16}},"3":{"start":{"line":16,"column":4},"end":{"line":16,"column":55}},"4":{"start":{"line":16,"column":41},"end":{"line":16,"column":53}},"5":{"start":{"line":17,"column":4},"end":{"line":17,"column":16}},"6":{"start":{"line":20,"column":4},"end":{"line":20,"column":47}},"7":{"start":{"line":20,"column":27},"end":{"line":20,"column":39}},"8":{"start":{"line":23,"column":4},"end":{"line":23,"column":53}},"9":{"start":{"line":23,"column":27},"end":{"line":23,"column":39}}},"fnMap":{"0":{"name":"(anonymous_0)","decl":{"start":{"line":4,"column":2},"end":{"line":4,"column":3}},"loc":{"start":{"line":4,"column":16},"end":{"line":6,"column":3}},"line":4},"1":{"name":"(anonymous_1)","decl":{"start":{"line":7,"column":2},"end":{"line":7,"column":3}},"loc":{"start":{"line":7,"column":17},"end":{"line":14,"column":3}},"line":7},"2":{"name":"(anonymous_2)","decl":{"start":{"line":15,"column":2},"end":{"line":15,"column":3}},"loc":{"start":{"line":15,"column":13},"end":{"line":18,"column":3}},"line":15},"3":{"name":"(anonymous_3)","decl":{"start":{"line":16,"column":33},"end":{"line":16,"column":34}},"loc":{"start":{"line":16,"column":41},"end":{"line":16,"column":53}},"line":16},"4":{"name":"(anonymous_4)","decl":{"start":{"line":19,"column":2},"end":{"line":19,"column":3}},"loc":{"start":{"line":19,"column":10},"end":{"line":21,"column":3}},"line":19},"5":{"name":"(anonymous_5)","decl":{"start":{"line":20,"column":19},"end":{"line":20,"column":20}},"loc":{"start":{"line":20,"column":27},"end":{"line":20,"column":39}},"line":20},"6":{"name":"(anonymous_6)","decl":{"start":{"line":22,"column":2},"end":{"line":22,"column":3}},"loc":{"start":{"line":22,"column":23},"end":{"line":24,"column":3}},"line":22},"7":{"name":"(anonymous_7)","decl":{"start":{"line":23,"column":19},"end":{"line":23,"column":20}},"loc":{"start":{"line":23,"column":27},"end":{"line":23,"column":39}},"line":23}},"branchMap":{},"s":{"0":5,"1":10,"2":10,"3":1,"4":2,"5":1,"6":1,"7":1,"8":1,"9":1},"f":{"0":5,"1":10,"2":1,"3":2,"4":1,"5":1,"6":1,"7":1},"b":{},"inputSourceMap":null,"_coverageSchema":"1a1c01bbd47fc00a2c39e90264f33305004495a9","hash":"f9cbeecf52e501f4744995d0acc3d02cf5d4fe55"}
,"C:\\Users\\cyril\\Bureau\\Fullstack\\JavaScript\\14.testing\\functions.js": {"path":"C:\\Users\\cyril\\Bureau\\Fullstack\\JavaScript\\14.testing\\functions.js","statementMap":{"0":{"start":{"line":2,"column":2},"end":{"line":4,"column":3}},"1":{"start":{"line":3,"column":4},"end":{"line":3,"column":63}},"2":{"start":{"line":5,"column":2},"end":{"line":7,"column":3}},"3":{"start":{"line":6,"column":4},"end":{"line":6,"column":64}},"4":{"start":{"line":8,"column":2},"end":{"line":8,"column":15}},"5":{"start":{"line":12,"column":2},"end":{"line":14,"column":3}},"6":{"start":{"line":13,"column":4},"end":{"line":13,"column":63}},"7":{"start":{"line":15,"column":2},"end":{"line":17,"column":3}},"8":{"start":{"line":16,"column":4},"end":{"line":16,"column":64}},"9":{"start":{"line":18,"column":2},"end":{"line":18,"column":15}}},"fnMap":{"0":{"name":"sum","decl":{"start":{"line":1,"column":9},"end":{"line":1,"column":12}},"loc":{"start":{"line":1,"column":19},"end":{"line":9,"column":1}},"line":1},"1":{"name":"product","decl":{"start":{"line":11,"column":9},"end":{"line":11,"column":16}},"loc":{"start":{"line":11,"column":23},"end":{"line":19,"column":1}},"line":11}},"branchMap":{"0":{"loc":{"start":{"line":2,"column":2},"end":{"line":4,"column":3}},"type":"if","locations":[{"start":{"line":2,"column":2},"end":{"line":4,"column":3}},{"start":{},"end":{}}],"line":2},"1":{"loc":{"start":{"line":5,"column":2},"end":{"line":7,"column":3}},"type":"if","locations":[{"start":{"line":5,"column":2},"end":{"line":7,"column":3}},{"start":{},"end":{}}],"line":5},"2":{"loc":{"start":{"line":12,"column":2},"end":{"line":14,"column":3}},"type":"if","locations":[{"start":{"line":12,"column":2},"end":{"line":14,"column":3}},{"start":{},"end":{}}],"line":12},"3":{"loc":{"start":{"line":15,"column":2},"end":{"line":17,"column":3}},"type":"if","locations":[{"start":{"line":15,"column":2},"end":{"line":17,"column":3}},{"start":{},"end":{}}],"line":15}},"s":{"0":3,"1":1,"2":2,"3":1,"4":1,"5":3,"6":1,"7":2,"8":1,"9":1},"f":{"0":3,"1":3},"b":{"0":[1,2],"1":[1,1],"2":[1,2],"3":[1,1]},"inputSourceMap":null,"_coverageSchema":"1a1c01bbd47fc00a2c39e90264f33305004495a9","hash":"9c0d6c1c6ffe3ff6a0a547fb6733d22eca1d5eb0"}
}
